[0617/005657.850:INFO:CONSOLE(1)] "
                  ,d"=≥,.,qOp,
                 ,7'  ''²$(  )
                ,7'      '?q$7'
             ..,$$,.
   ,.  .,,--***²""²***--,,.  .,
 ²   ,p²''              ''²q,   ²
:  ,7'                      '7,  :
 ' $      ,db,      ,db,      $ '
  '$      ²$$²      ²$$²      $'    Using Reddit at work? Work for Reddit.
  '$                          $'        https://www.reddit.com/jobs
   '$.     .,        ,.     .$'
    'b,     '²«»«»«»²'     ,d'
     '²?bn,,          ,,nd?²'
       ,7$ ''²²²²²²²²'' $7,
     ,² ²$              $² ²,
     $  :$              $:  $
     $   $              $   $
     'b  q:            :p  d'
      '²«?$.          .$?»²'
         'b            d'
       ,²²'?,.      .,?'²²,
      ²==--≥²²==--==²²≤--==²
", source: https://www.redditstatic.com/desktop2x/Chat~Gifts~Governance~Reddit.48ebcf7a4b396ce794aa.js (1)
[0617/005658.268:INFO:CONSOLE(1)] "%cStarting Raven %crelease %c82ddf0234-production %cpublic url %chttps://6b5ce051b2ed4032bd906af3de0630cd@oops.redditmedia.com/11", source: https://www.redditstatic.com/desktop2x/Chat~Gifts~Governance~Reddit.48ebcf7a4b396ce794aa.js (1)
[0617/005720.348:WARNING:spdy_session.cc(3180)] Received HEADERS for invalid stream 109
[0617/005720.348:WARNING:spdy_session.cc(3180)] Received HEADERS for invalid stream 93
[0617/005720.348:WARNING:spdy_session.cc(3180)] Received HEADERS for invalid stream 91
[0617/005720.349:WARNING:spdy_session.cc(3180)] Received HEADERS for invalid stream 105
[0617/005720.349:WARNING:spdy_session.cc(3180)] Received HEADERS for invalid stream 129
[0617/010200.322:INFO:CONSOLE(1)] "
                  ,d"=≥,.,qOp,
                 ,7'  ''²$(  )
                ,7'      '?q$7'
             ..,$$,.
   ,.  .,,--***²""²***--,,.  .,
 ²   ,p²''              ''²q,   ²
:  ,7'                      '7,  :
 ' $      ,db,      ,db,      $ '
  '$      ²$$²      ²$$²      $'    Using Reddit at work? Work for Reddit.
  '$                          $'        https://www.reddit.com/jobs
   '$.     .,        ,.     .$'
    'b,     '²«»«»«»²'     ,d'
     '²?bn,,          ,,nd?²'
       ,7$ ''²²²²²²²²'' $7,
     ,² ²$              $² ²,
     $  :$              $:  $
     $   $              $   $
     'b  q:            :p  d'
      '²«?$.          .$?»²'
         'b            d'
       ,²²'?,.      .,?'²²,
      ²==--≥²²==--==²²≤--==²
", source: https://www.redditstatic.com/desktop2x/Chat~Gifts~Governance~Reddit.48ebcf7a4b396ce794aa.js (1)
[0617/010200.752:INFO:CONSOLE(1)] "%cStarting Raven %crelease %c82ddf0234-production %cpublic url %chttps://6b5ce051b2ed4032bd906af3de0630cd@oops.redditmedia.com/11", source: https://www.redditstatic.com/desktop2x/Chat~Gifts~Governance~Reddit.48ebcf7a4b396ce794aa.js (1)
[0617/010253.806:INFO:CONSOLE(1)] "
                  ,d"=≥,.,qOp,
                 ,7'  ''²$(  )
                ,7'      '?q$7'
             ..,$$,.
   ,.  .,,--***²""²***--,,.  .,
 ²   ,p²''              ''²q,   ²
:  ,7'                      '7,  :
 ' $      ,db,      ,db,      $ '
  '$      ²$$²      ²$$²      $'    Using Reddit at work? Work for Reddit.
  '$                          $'        https://www.reddit.com/jobs
   '$.     .,        ,.     .$'
    'b,     '²«»«»«»²'     ,d'
     '²?bn,,          ,,nd?²'
       ,7$ ''²²²²²²²²'' $7,
     ,² ²$              $² ²,
     $  :$              $:  $
     $   $              $   $
     'b  q:            :p  d'
      '²«?$.          .$?»²'
         'b            d'
       ,²²'?,.      .,?'²²,
      ²==--≥²²==--==²²≤--==²
", source: https://www.redditstatic.com/desktop2x/Chat~Gifts~Governance~Reddit.48ebcf7a4b396ce794aa.js (1)
[0617/010254.172:INFO:CONSOLE(1)] "%cStarting Raven %crelease %c82ddf0234-production %cpublic url %chttps://6b5ce051b2ed4032bd906af3de0630cd@oops.redditmedia.com/11", source: https://www.redditstatic.com/desktop2x/Chat~Gifts~Governance~Reddit.48ebcf7a4b396ce794aa.js (1)
[0617/010333.356:INFO:CONSOLE(1)] "
                  ,d"=≥,.,qOp,
                 ,7'  ''²$(  )
                ,7'      '?q$7'
             ..,$$,.
   ,.  .,,--***²""²***--,,.  .,
 ²   ,p²''              ''²q,   ²
:  ,7'                      '7,  :
 ' $      ,db,      ,db,      $ '
  '$      ²$$²      ²$$²      $'    Using Reddit at work? Work for Reddit.
  '$                          $'        https://www.reddit.com/jobs
   '$.     .,        ,.     .$'
    'b,     '²«»«»«»²'     ,d'
     '²?bn,,          ,,nd?²'
       ,7$ ''²²²²²²²²'' $7,
     ,² ²$              $² ²,
     $  :$              $:  $
     $   $              $   $
     'b  q:            :p  d'
      '²«?$.          .$?»²'
         'b            d'
       ,²²'?,.      .,?'²²,
      ²==--≥²²==--==²²≤--==²
", source: https://www.redditstatic.com/desktop2x/Chat~Gifts~Governance~Reddit.48ebcf7a4b396ce794aa.js (1)
[0617/010333.756:INFO:CONSOLE(1)] "%cStarting Raven %crelease %c82ddf0234-production %cpublic url %chttps://6b5ce051b2ed4032bd906af3de0630cd@oops.redditmedia.com/11", source: https://www.redditstatic.com/desktop2x/Chat~Gifts~Governance~Reddit.48ebcf7a4b396ce794aa.js (1)
[0617/010413.584:INFO:CONSOLE(1)] "
                  ,d"=≥,.,qOp,
                 ,7'  ''²$(  )
                ,7'      '?q$7'
             ..,$$,.
   ,.  .,,--***²""²***--,,.  .,
 ²   ,p²''              ''²q,   ²
:  ,7'                      '7,  :
 ' $      ,db,      ,db,      $ '
  '$      ²$$²      ²$$²      $'    Using Reddit at work? Work for Reddit.
  '$                          $'        https://www.reddit.com/jobs
   '$.     .,        ,.     .$'
    'b,     '²«»«»«»²'     ,d'
     '²?bn,,          ,,nd?²'
       ,7$ ''²²²²²²²²'' $7,
     ,² ²$              $² ²,
     $  :$              $:  $
     $   $              $   $
     'b  q:            :p  d'
      '²«?$.          .$?»²'
         'b            d'
       ,²²'?,.      .,?'²²,
      ²==--≥²²==--==²²≤--==²
", source: https://www.redditstatic.com/desktop2x/Chat~Gifts~Governance~Reddit.48ebcf7a4b396ce794aa.js (1)
[0617/010413.958:INFO:CONSOLE(1)] "%cStarting Raven %crelease %c82ddf0234-production %cpublic url %chttps://6b5ce051b2ed4032bd906af3de0630cd@oops.redditmedia.com/11", source: https://www.redditstatic.com/desktop2x/Chat~Gifts~Governance~Reddit.48ebcf7a4b396ce794aa.js (1)
[0617/010530.447:WARNING:spdy_session.cc(3180)] Received HEADERS for invalid stream 21
[0617/010530.448:WARNING:spdy_session.cc(3180)] Received HEADERS for invalid stream 23
[0617/010707.677:INFO:CONSOLE(1)] "
                  ,d"=≥,.,qOp,
                 ,7'  ''²$(  )
                ,7'      '?q$7'
             ..,$$,.
   ,.  .,,--***²""²***--,,.  .,
 ²   ,p²''              ''²q,   ²
:  ,7'                      '7,  :
 ' $      ,db,      ,db,      $ '
  '$      ²$$²      ²$$²      $'    Using Reddit at work? Work for Reddit.
  '$                          $'        https://www.reddit.com/jobs
   '$.     .,        ,.     .$'
    'b,     '²«»«»«»²'     ,d'
     '²?bn,,          ,,nd?²'
       ,7$ ''²²²²²²²²'' $7,
     ,² ²$              $² ²,
     $  :$              $:  $
     $   $              $   $
     'b  q:            :p  d'
      '²«?$.          .$?»²'
         'b            d'
       ,²²'?,.      .,?'²²,
      ²==--≥²²==--==²²≤--==²
", source: https://www.redditstatic.com/desktop2x/Chat~Gifts~Governance~Reddit.48ebcf7a4b396ce794aa.js (1)
[0617/010708.107:INFO:CONSOLE(1)] "%cStarting Raven %crelease %c82ddf0234-production %cpublic url %chttps://6b5ce051b2ed4032bd906af3de0630cd@oops.redditmedia.com/11", source: https://www.redditstatic.com/desktop2x/Chat~Gifts~Governance~Reddit.48ebcf7a4b396ce794aa.js (1)
[0617/010817.128:INFO:CONSOLE(1)] "
                  ,d"=≥,.,qOp,
                 ,7'  ''²$(  )
                ,7'      '?q$7'
             ..,$$,.
   ,.  .,,--***²""²***--,,.  .,
 ²   ,p²''              ''²q,   ²
:  ,7'                      '7,  :
 ' $      ,db,      ,db,      $ '
  '$      ²$$²      ²$$²      $'    Using Reddit at work? Work for Reddit.
  '$                          $'        https://www.reddit.com/jobs
   '$.     .,        ,.     .$'
    'b,     '²«»«»«»²'     ,d'
     '²?bn,,          ,,nd?²'
       ,7$ ''²²²²²²²²'' $7,
     ,² ²$              $² ²,
     $  :$              $:  $
     $   $              $   $
     'b  q:            :p  d'
      '²«?$.          .$?»²'
         'b            d'
       ,²²'?,.      .,?'²²,
      ²==--≥²²==--==²²≤--==²
", source: https://www.redditstatic.com/desktop2x/Chat~Gifts~Governance~Reddit.48ebcf7a4b396ce794aa.js (1)
[0617/010817.512:INFO:CONSOLE(1)] "%cStarting Raven %crelease %c82ddf0234-production %cpublic url %chttps://6b5ce051b2ed4032bd906af3de0630cd@oops.redditmedia.com/11", source: https://www.redditstatic.com/desktop2x/Chat~Gifts~Governance~Reddit.48ebcf7a4b396ce794aa.js (1)
[0617/010840.145:INFO:CONSOLE(1)] "
                  ,d"=≥,.,qOp,
                 ,7'  ''²$(  )
                ,7'      '?q$7'
             ..,$$,.
   ,.  .,,--***²""²***--,,.  .,
 ²   ,p²''              ''²q,   ²
:  ,7'                      '7,  :
 ' $      ,db,      ,db,      $ '
  '$      ²$$²      ²$$²      $'    Using Reddit at work? Work for Reddit.
  '$                          $'        https://www.reddit.com/jobs
   '$.     .,        ,.     .$'
    'b,     '²«»«»«»²'     ,d'
     '²?bn,,          ,,nd?²'
       ,7$ ''²²²²²²²²'' $7,
     ,² ²$              $² ²,
     $  :$              $:  $
     $   $              $   $
     'b  q:            :p  d'
      '²«?$.          .$?»²'
         'b            d'
       ,²²'?,.      .,?'²²,
      ²==--≥²²==--==²²≤--==²
", source: https://www.redditstatic.com/desktop2x/Chat~Gifts~Governance~Reddit.48ebcf7a4b396ce794aa.js (1)
[0617/010840.511:INFO:CONSOLE(1)] "%cStarting Raven %crelease %c82ddf0234-production %cpublic url %chttps://6b5ce051b2ed4032bd906af3de0630cd@oops.redditmedia.com/11", source: https://www.redditstatic.com/desktop2x/Chat~Gifts~Governance~Reddit.48ebcf7a4b396ce794aa.js (1)
[0617/010907.537:WARNING:spdy_session.cc(3180)] Received HEADERS for invalid stream 1
[0617/010928.698:INFO:CONSOLE(1)] "
                  ,d"=≥,.,qOp,
                 ,7'  ''²$(  )
                ,7'      '?q$7'
             ..,$$,.
   ,.  .,,--***²""²***--,,.  .,
 ²   ,p²''              ''²q,   ²
:  ,7'                      '7,  :
 ' $      ,db,      ,db,      $ '
  '$      ²$$²      ²$$²      $'    Using Reddit at work? Work for Reddit.
  '$                          $'        https://www.reddit.com/jobs
   '$.     .,        ,.     .$'
    'b,     '²«»«»«»²'     ,d'
     '²?bn,,          ,,nd?²'
       ,7$ ''²²²²²²²²'' $7,
     ,² ²$              $² ²,
     $  :$              $:  $
     $   $              $   $
     'b  q:            :p  d'
      '²«?$.          .$?»²'
         'b            d'
       ,²²'?,.      .,?'²²,
      ²==--≥²²==--==²²≤--==²
", source: https://www.redditstatic.com/desktop2x/Chat~Gifts~Governance~Reddit.48ebcf7a4b396ce794aa.js (1)
[0617/010929.083:INFO:CONSOLE(1)] "%cStarting Raven %crelease %c82ddf0234-production %cpublic url %chttps://6b5ce051b2ed4032bd906af3de0630cd@oops.redditmedia.com/11", source: https://www.redditstatic.com/desktop2x/Chat~Gifts~Governance~Reddit.48ebcf7a4b396ce794aa.js (1)
[0617/010954.864:INFO:CONSOLE(1)] "
                  ,d"=≥,.,qOp,
                 ,7'  ''²$(  )
                ,7'      '?q$7'
             ..,$$,.
   ,.  .,,--***²""²***--,,.  .,
 ²   ,p²''              ''²q,   ²
:  ,7'                      '7,  :
 ' $      ,db,      ,db,      $ '
  '$      ²$$²      ²$$²      $'    Using Reddit at work? Work for Reddit.
  '$                          $'        https://www.reddit.com/jobs
   '$.     .,        ,.     .$'
    'b,     '²«»«»«»²'     ,d'
     '²?bn,,          ,,nd?²'
       ,7$ ''²²²²²²²²'' $7,
     ,² ²$              $² ²,
     $  :$              $:  $
     $   $              $   $
     'b  q:            :p  d'
      '²«?$.          .$?»²'
         'b            d'
       ,²²'?,.      .,?'²²,
      ²==--≥²²==--==²²≤--==²
", source: https://www.redditstatic.com/desktop2x/Chat~Gifts~Governance~Reddit.48ebcf7a4b396ce794aa.js (1)
[0617/010955.247:INFO:CONSOLE(1)] "%cStarting Raven %crelease %c82ddf0234-production %cpublic url %chttps://6b5ce051b2ed4032bd906af3de0630cd@oops.redditmedia.com/11", source: https://www.redditstatic.com/desktop2x/Chat~Gifts~Governance~Reddit.48ebcf7a4b396ce794aa.js (1)
[0617/011058.756:INFO:CONSOLE(1)] "
                  ,d"=≥,.,qOp,
                 ,7'  ''²$(  )
                ,7'      '?q$7'
             ..,$$,.
   ,.  .,,--***²""²***--,,.  .,
 ²   ,p²''              ''²q,   ²
:  ,7'                      '7,  :
 ' $      ,db,      ,db,      $ '
  '$      ²$$²      ²$$²      $'    Using Reddit at work? Work for Reddit.
  '$                          $'        https://www.reddit.com/jobs
   '$.     .,        ,.     .$'
    'b,     '²«»«»«»²'     ,d'
     '²?bn,,          ,,nd?²'
       ,7$ ''²²²²²²²²'' $7,
     ,² ²$              $² ²,
     $  :$              $:  $
     $   $              $   $
     'b  q:            :p  d'
      '²«?$.          .$?»²'
         'b            d'
       ,²²'?,.      .,?'²²,
      ²==--≥²²==--==²²≤--==²
", source: https://www.redditstatic.com/desktop2x/Chat~Gifts~Governance~Reddit.48ebcf7a4b396ce794aa.js (1)
[0617/011059.088:INFO:CONSOLE(1)] "%cStarting Raven %crelease %c82ddf0234-production %cpublic url %chttps://6b5ce051b2ed4032bd906af3de0630cd@oops.redditmedia.com/11", source: https://www.redditstatic.com/desktop2x/Chat~Gifts~Governance~Reddit.48ebcf7a4b396ce794aa.js (1)
[0617/011211.407:INFO:CONSOLE(1)] "
                  ,d"=≥,.,qOp,
                 ,7'  ''²$(  )
                ,7'      '?q$7'
             ..,$$,.
   ,.  .,,--***²""²***--,,.  .,
 ²   ,p²''              ''²q,   ²
:  ,7'                      '7,  :
 ' $      ,db,      ,db,      $ '
  '$      ²$$²      ²$$²      $'    Using Reddit at work? Work for Reddit.
  '$                          $'        https://www.reddit.com/jobs
   '$.     .,        ,.     .$'
    'b,     '²«»«»«»²'     ,d'
     '²?bn,,          ,,nd?²'
       ,7$ ''²²²²²²²²'' $7,
     ,² ²$              $² ²,
     $  :$              $:  $
     $   $              $   $
     'b  q:            :p  d'
      '²«?$.          .$?»²'
         'b            d'
       ,²²'?,.      .,?'²²,
      ²==--≥²²==--==²²≤--==²
", source: https://www.redditstatic.com/desktop2x/Chat~Gifts~Governance~Reddit.48ebcf7a4b396ce794aa.js (1)
[0617/011211.809:INFO:CONSOLE(1)] "%cStarting Raven %crelease %c82ddf0234-production %cpublic url %chttps://6b5ce051b2ed4032bd906af3de0630cd@oops.redditmedia.com/11", source: https://www.redditstatic.com/desktop2x/Chat~Gifts~Governance~Reddit.48ebcf7a4b396ce794aa.js (1)
[0617/011356.050:INFO:CONSOLE(1)] "
                  ,d"=≥,.,qOp,
                 ,7'  ''²$(  )
                ,7'      '?q$7'
             ..,$$,.
   ,.  .,,--***²""²***--,,.  .,
 ²   ,p²''              ''²q,   ²
:  ,7'                      '7,  :
 ' $      ,db,      ,db,      $ '
  '$      ²$$²      ²$$²      $'    Using Reddit at work? Work for Reddit.
  '$                          $'        https://www.reddit.com/jobs
   '$.     .,        ,.     .$'
    'b,     '²«»«»«»²'     ,d'
     '²?bn,,          ,,nd?²'
       ,7$ ''²²²²²²²²'' $7,
     ,² ²$              $² ²,
     $  :$              $:  $
     $   $              $   $
     'b  q:            :p  d'
      '²«?$.          .$?»²'
         'b            d'
       ,²²'?,.      .,?'²²,
      ²==--≥²²==--==²²≤--==²
", source: https://www.redditstatic.com/desktop2x/Chat~Gifts~Governance~Reddit.48ebcf7a4b396ce794aa.js (1)
[0617/011356.503:INFO:CONSOLE(1)] "%cStarting Raven %crelease %c82ddf0234-production %cpublic url %chttps://6b5ce051b2ed4032bd906af3de0630cd@oops.redditmedia.com/11", source: https://www.redditstatic.com/desktop2x/Chat~Gifts~Governance~Reddit.48ebcf7a4b396ce794aa.js (1)
[0617/011425.818:INFO:CONSOLE(1)] "
                  ,d"=≥,.,qOp,
                 ,7'  ''²$(  )
                ,7'      '?q$7'
             ..,$$,.
   ,.  .,,--***²""²***--,,.  .,
 ²   ,p²''              ''²q,   ²
:  ,7'                      '7,  :
 ' $      ,db,      ,db,      $ '
  '$      ²$$²      ²$$²      $'    Using Reddit at work? Work for Reddit.
  '$                          $'        https://www.reddit.com/jobs
   '$.     .,        ,.     .$'
    'b,     '²«»«»«»²'     ,d'
     '²?bn,,          ,,nd?²'
       ,7$ ''²²²²²²²²'' $7,
     ,² ²$              $² ²,
     $  :$              $:  $
     $   $              $   $
     'b  q:            :p  d'
      '²«?$.          .$?»²'
         'b            d'
       ,²²'?,.      .,?'²²,
      ²==--≥²²==--==²²≤--==²
", source: https://www.redditstatic.com/desktop2x/Chat~Gifts~Governance~Reddit.48ebcf7a4b396ce794aa.js (1)
[0617/011426.287:INFO:CONSOLE(1)] "%cStarting Raven %crelease %c82ddf0234-production %cpublic url %chttps://6b5ce051b2ed4032bd906af3de0630cd@oops.redditmedia.com/11", source: https://www.redditstatic.com/desktop2x/Chat~Gifts~Governance~Reddit.48ebcf7a4b396ce794aa.js (1)
[0617/011456.022:INFO:CONSOLE(1)] "
                  ,d"=≥,.,qOp,
                 ,7'  ''²$(  )
                ,7'      '?q$7'
             ..,$$,.
   ,.  .,,--***²""²***--,,.  .,
 ²   ,p²''              ''²q,   ²
:  ,7'                      '7,  :
 ' $      ,db,      ,db,      $ '
  '$      ²$$²      ²$$²      $'    Using Reddit at work? Work for Reddit.
  '$                          $'        https://www.reddit.com/jobs
   '$.     .,        ,.     .$'
    'b,     '²«»«»«»²'     ,d'
     '²?bn,,          ,,nd?²'
       ,7$ ''²²²²²²²²'' $7,
     ,² ²$              $² ²,
     $  :$              $:  $
     $   $              $   $
     'b  q:            :p  d'
      '²«?$.          .$?»²'
         'b            d'
       ,²²'?,.      .,?'²²,
      ²==--≥²²==--==²²≤--==²
", source: https://www.redditstatic.com/desktop2x/Chat~Gifts~Governance~Reddit.48ebcf7a4b396ce794aa.js (1)
[0617/011456.374:INFO:CONSOLE(1)] "%cStarting Raven %crelease %c82ddf0234-production %cpublic url %chttps://6b5ce051b2ed4032bd906af3de0630cd@oops.redditmedia.com/11", source: https://www.redditstatic.com/desktop2x/Chat~Gifts~Governance~Reddit.48ebcf7a4b396ce794aa.js (1)
[0617/011516.301:INFO:CONSOLE(1)] "
                  ,d"=≥,.,qOp,
                 ,7'  ''²$(  )
                ,7'      '?q$7'
             ..,$$,.
   ,.  .,,--***²""²***--,,.  .,
 ²   ,p²''              ''²q,   ²
:  ,7'                      '7,  :
 ' $      ,db,      ,db,      $ '
  '$      ²$$²      ²$$²      $'    Using Reddit at work? Work for Reddit.
  '$                          $'        https://www.reddit.com/jobs
   '$.     .,        ,.     .$'
    'b,     '²«»«»«»²'     ,d'
     '²?bn,,          ,,nd?²'
       ,7$ ''²²²²²²²²'' $7,
     ,² ²$              $² ²,
     $  :$              $:  $
     $   $              $   $
     'b  q:            :p  d'
      '²«?$.          .$?»²'
         'b            d'
       ,²²'?,.      .,?'²²,
      ²==--≥²²==--==²²≤--==²
", source: https://www.redditstatic.com/desktop2x/Chat~Gifts~Governance~Reddit.48ebcf7a4b396ce794aa.js (1)
[0617/011516.930:INFO:CONSOLE(1)] "%cStarting Raven %crelease %c82ddf0234-production %cpublic url %chttps://6b5ce051b2ed4032bd906af3de0630cd@oops.redditmedia.com/11", source: https://www.redditstatic.com/desktop2x/Chat~Gifts~Governance~Reddit.48ebcf7a4b396ce794aa.js (1)
[0617/011534.504:INFO:CONSOLE(1)] "
                  ,d"=≥,.,qOp,
                 ,7'  ''²$(  )
                ,7'      '?q$7'
             ..,$$,.
   ,.  .,,--***²""²***--,,.  .,
 ²   ,p²''              ''²q,   ²
:  ,7'                      '7,  :
 ' $      ,db,      ,db,      $ '
  '$      ²$$²      ²$$²      $'    Using Reddit at work? Work for Reddit.
  '$                          $'        https://www.reddit.com/jobs
   '$.     .,        ,.     .$'
    'b,     '²«»«»«»²'     ,d'
     '²?bn,,          ,,nd?²'
       ,7$ ''²²²²²²²²'' $7,
     ,² ²$              $² ²,
     $  :$              $:  $
     $   $              $   $
     'b  q:            :p  d'
      '²«?$.          .$?»²'
         'b            d'
       ,²²'?,.      .,?'²²,
      ²==--≥²²==--==²²≤--==²
", source: https://www.redditstatic.com/desktop2x/Chat~Gifts~Governance~Reddit.48ebcf7a4b396ce794aa.js (1)
[0617/011535.086:INFO:CONSOLE(1)] "%cStarting Raven %crelease %c82ddf0234-production %cpublic url %chttps://6b5ce051b2ed4032bd906af3de0630cd@oops.redditmedia.com/11", source: https://www.redditstatic.com/desktop2x/Chat~Gifts~Governance~Reddit.48ebcf7a4b396ce794aa.js (1)
[0617/011643.273:INFO:CONSOLE(1)] "
                  ,d"=≥,.,qOp,
                 ,7'  ''²$(  )
                ,7'      '?q$7'
             ..,$$,.
   ,.  .,,--***²""²***--,,.  .,
 ²   ,p²''              ''²q,   ²
:  ,7'                      '7,  :
 ' $      ,db,      ,db,      $ '
  '$      ²$$²      ²$$²      $'    Using Reddit at work? Work for Reddit.
  '$                          $'        https://www.reddit.com/jobs
   '$.     .,        ,.     .$'
    'b,     '²«»«»«»²'     ,d'
     '²?bn,,          ,,nd?²'
       ,7$ ''²²²²²²²²'' $7,
     ,² ²$              $² ²,
     $  :$              $:  $
     $   $              $   $
     'b  q:            :p  d'
      '²«?$.          .$?»²'
         'b            d'
       ,²²'?,.      .,?'²²,
      ²==--≥²²==--==²²≤--==²
", source: https://www.redditstatic.com/desktop2x/Chat~Gifts~Governance~Reddit.48ebcf7a4b396ce794aa.js (1)
[0617/011643.646:INFO:CONSOLE(1)] "%cStarting Raven %crelease %c82ddf0234-production %cpublic url %chttps://6b5ce051b2ed4032bd906af3de0630cd@oops.redditmedia.com/11", source: https://www.redditstatic.com/desktop2x/Chat~Gifts~Governance~Reddit.48ebcf7a4b396ce794aa.js (1)
[0617/011657.870:INFO:CONSOLE(1)] "
                  ,d"=≥,.,qOp,
                 ,7'  ''²$(  )
                ,7'      '?q$7'
             ..,$$,.
   ,.  .,,--***²""²***--,,.  .,
 ²   ,p²''              ''²q,   ²
:  ,7'                      '7,  :
 ' $      ,db,      ,db,      $ '
  '$      ²$$²      ²$$²      $'    Using Reddit at work? Work for Reddit.
  '$                          $'        https://www.reddit.com/jobs
   '$.     .,        ,.     .$'
    'b,     '²«»«»«»²'     ,d'
     '²?bn,,          ,,nd?²'
       ,7$ ''²²²²²²²²'' $7,
     ,² ²$              $² ²,
     $  :$              $:  $
     $   $              $   $
     'b  q:            :p  d'
      '²«?$.          .$?»²'
         'b            d'
       ,²²'?,.      .,?'²²,
      ²==--≥²²==--==²²≤--==²
", source: https://www.redditstatic.com/desktop2x/Chat~Gifts~Governance~Reddit.48ebcf7a4b396ce794aa.js (1)
[0617/011658.236:INFO:CONSOLE(1)] "%cStarting Raven %crelease %c82ddf0234-production %cpublic url %chttps://6b5ce051b2ed4032bd906af3de0630cd@oops.redditmedia.com/11", source: https://www.redditstatic.com/desktop2x/Chat~Gifts~Governance~Reddit.48ebcf7a4b396ce794aa.js (1)
[0617/011723.581:INFO:CONSOLE(1)] "
                  ,d"=≥,.,qOp,
                 ,7'  ''²$(  )
                ,7'      '?q$7'
             ..,$$,.
   ,.  .,,--***²""²***--,,.  .,
 ²   ,p²''              ''²q,   ²
:  ,7'                      '7,  :
 ' $      ,db,      ,db,      $ '
  '$      ²$$²      ²$$²      $'    Using Reddit at work? Work for Reddit.
  '$                          $'        https://www.reddit.com/jobs
   '$.     .,        ,.     .$'
    'b,     '²«»«»«»²'     ,d'
     '²?bn,,          ,,nd?²'
       ,7$ ''²²²²²²²²'' $7,
     ,² ²$              $² ²,
     $  :$              $:  $
     $   $              $   $
     'b  q:            :p  d'
      '²«?$.          .$?»²'
         'b            d'
       ,²²'?,.      .,?'²²,
      ²==--≥²²==--==²²≤--==²
", source: https://www.redditstatic.com/desktop2x/Chat~Gifts~Governance~Reddit.48ebcf7a4b396ce794aa.js (1)
[0617/011723.982:INFO:CONSOLE(1)] "%cStarting Raven %crelease %c82ddf0234-production %cpublic url %chttps://6b5ce051b2ed4032bd906af3de0630cd@oops.redditmedia.com/11", source: https://www.redditstatic.com/desktop2x/Chat~Gifts~Governance~Reddit.48ebcf7a4b396ce794aa.js (1)
[0617/011811.317:INFO:CONSOLE(1)] "
                  ,d"=≥,.,qOp,
                 ,7'  ''²$(  )
                ,7'      '?q$7'
             ..,$$,.
   ,.  .,,--***²""²***--,,.  .,
 ²   ,p²''              ''²q,   ²
:  ,7'                      '7,  :
 ' $      ,db,      ,db,      $ '
  '$      ²$$²      ²$$²      $'    Using Reddit at work? Work for Reddit.
  '$                          $'        https://www.reddit.com/jobs
   '$.     .,        ,.     .$'
    'b,     '²«»«»«»²'     ,d'
     '²?bn,,          ,,nd?²'
       ,7$ ''²²²²²²²²'' $7,
     ,² ²$              $² ²,
     $  :$              $:  $
     $   $              $   $
     'b  q:            :p  d'
      '²«?$.          .$?»²'
         'b            d'
       ,²²'?,.      .,?'²²,
      ²==--≥²²==--==²²≤--==²
", source: https://www.redditstatic.com/desktop2x/Chat~Gifts~Governance~Reddit.48ebcf7a4b396ce794aa.js (1)
[0617/011811.693:INFO:CONSOLE(1)] "%cStarting Raven %crelease %c82ddf0234-production %cpublic url %chttps://6b5ce051b2ed4032bd906af3de0630cd@oops.redditmedia.com/11", source: https://www.redditstatic.com/desktop2x/Chat~Gifts~Governance~Reddit.48ebcf7a4b396ce794aa.js (1)
[0617/011852.934:INFO:CONSOLE(1)] "
                  ,d"=≥,.,qOp,
                 ,7'  ''²$(  )
                ,7'      '?q$7'
             ..,$$,.
   ,.  .,,--***²""²***--,,.  .,
 ²   ,p²''              ''²q,   ²
:  ,7'                      '7,  :
 ' $      ,db,      ,db,      $ '
  '$      ²$$²      ²$$²      $'    Using Reddit at work? Work for Reddit.
  '$                          $'        https://www.reddit.com/jobs
   '$.     .,        ,.     .$'
    'b,     '²«»«»«»²'     ,d'
     '²?bn,,          ,,nd?²'
       ,7$ ''²²²²²²²²'' $7,
     ,² ²$              $² ²,
     $  :$              $:  $
     $   $              $   $
     'b  q:            :p  d'
      '²«?$.          .$?»²'
         'b            d'
       ,²²'?,.      .,?'²²,
      ²==--≥²²==--==²²≤--==²
", source: https://www.redditstatic.com/desktop2x/Chat~Gifts~Governance~Reddit.48ebcf7a4b396ce794aa.js (1)
[0617/011853.436:INFO:CONSOLE(1)] "%cStarting Raven %crelease %c82ddf0234-production %cpublic url %chttps://6b5ce051b2ed4032bd906af3de0630cd@oops.redditmedia.com/11", source: https://www.redditstatic.com/desktop2x/Chat~Gifts~Governance~Reddit.48ebcf7a4b396ce794aa.js (1)
[0617/011913.266:INFO:CONSOLE(1)] "
                  ,d"=≥,.,qOp,
                 ,7'  ''²$(  )
                ,7'      '?q$7'
             ..,$$,.
   ,.  .,,--***²""²***--,,.  .,
 ²   ,p²''              ''²q,   ²
:  ,7'                      '7,  :
 ' $      ,db,      ,db,      $ '
  '$      ²$$²      ²$$²      $'    Using Reddit at work? Work for Reddit.
  '$                          $'        https://www.reddit.com/jobs
   '$.     .,        ,.     .$'
    'b,     '²«»«»«»²'     ,d'
     '²?bn,,          ,,nd?²'
       ,7$ ''²²²²²²²²'' $7,
     ,² ²$              $² ²,
     $  :$              $:  $
     $   $              $   $
     'b  q:            :p  d'
      '²«?$.          .$?»²'
         'b            d'
       ,²²'?,.      .,?'²²,
      ²==--≥²²==--==²²≤--==²
", source: https://www.redditstatic.com/desktop2x/Chat~Gifts~Governance~Reddit.48ebcf7a4b396ce794aa.js (1)
[0617/011913.637:INFO:CONSOLE(1)] "%cStarting Raven %crelease %c82ddf0234-production %cpublic url %chttps://6b5ce051b2ed4032bd906af3de0630cd@oops.redditmedia.com/11", source: https://www.redditstatic.com/desktop2x/Chat~Gifts~Governance~Reddit.48ebcf7a4b396ce794aa.js (1)
[0617/011955.347:INFO:CONSOLE(1)] "
                  ,d"=≥,.,qOp,
                 ,7'  ''²$(  )
                ,7'      '?q$7'
             ..,$$,.
   ,.  .,,--***²""²***--,,.  .,
 ²   ,p²''              ''²q,   ²
:  ,7'                      '7,  :
 ' $      ,db,      ,db,      $ '
  '$      ²$$²      ²$$²      $'    Using Reddit at work? Work for Reddit.
  '$                          $'        https://www.reddit.com/jobs
   '$.     .,        ,.     .$'
    'b,     '²«»«»«»²'     ,d'
     '²?bn,,          ,,nd?²'
       ,7$ ''²²²²²²²²'' $7,
     ,² ²$              $² ²,
     $  :$              $:  $
     $   $              $   $
     'b  q:            :p  d'
      '²«?$.          .$?»²'
         'b            d'
       ,²²'?,.      .,?'²²,
      ²==--≥²²==--==²²≤--==²
", source: https://www.redditstatic.com/desktop2x/Chat~Gifts~Governance~Reddit.48ebcf7a4b396ce794aa.js (1)
[0617/011955.719:INFO:CONSOLE(1)] "%cStarting Raven %crelease %c82ddf0234-production %cpublic url %chttps://6b5ce051b2ed4032bd906af3de0630cd@oops.redditmedia.com/11", source: https://www.redditstatic.com/desktop2x/Chat~Gifts~Governance~Reddit.48ebcf7a4b396ce794aa.js (1)
[0617/012139.859:INFO:CONSOLE(1)] "
                  ,d"=≥,.,qOp,
                 ,7'  ''²$(  )
                ,7'      '?q$7'
             ..,$$,.
   ,.  .,,--***²""²***--,,.  .,
 ²   ,p²''              ''²q,   ²
:  ,7'                      '7,  :
 ' $      ,db,      ,db,      $ '
  '$      ²$$²      ²$$²      $'    Using Reddit at work? Work for Reddit.
  '$                          $'        https://www.reddit.com/jobs
   '$.     .,        ,.     .$'
    'b,     '²«»«»«»²'     ,d'
     '²?bn,,          ,,nd?²'
       ,7$ ''²²²²²²²²'' $7,
     ,² ²$              $² ²,
     $  :$              $:  $
     $   $              $   $
     'b  q:            :p  d'
      '²«?$.          .$?»²'
         'b            d'
       ,²²'?,.      .,?'²²,
      ²==--≥²²==--==²²≤--==²
", source: https://www.redditstatic.com/desktop2x/Chat~Gifts~Governance~Reddit.48ebcf7a4b396ce794aa.js (1)
[0617/012140.270:INFO:CONSOLE(1)] "%cStarting Raven %crelease %c82ddf0234-production %cpublic url %chttps://6b5ce051b2ed4032bd906af3de0630cd@oops.redditmedia.com/11", source: https://www.redditstatic.com/desktop2x/Chat~Gifts~Governance~Reddit.48ebcf7a4b396ce794aa.js (1)
[0617/012928.075:INFO:CONSOLE(1)] "
                  ,d"=≥,.,qOp,
                 ,7'  ''²$(  )
                ,7'      '?q$7'
             ..,$$,.
   ,.  .,,--***²""²***--,,.  .,
 ²   ,p²''              ''²q,   ²
:  ,7'                      '7,  :
 ' $      ,db,      ,db,      $ '
  '$      ²$$²      ²$$²      $'    Using Reddit at work? Work for Reddit.
  '$                          $'        https://www.reddit.com/jobs
   '$.     .,        ,.     .$'
    'b,     '²«»«»«»²'     ,d'
     '²?bn,,          ,,nd?²'
       ,7$ ''²²²²²²²²'' $7,
     ,² ²$              $² ²,
     $  :$              $:  $
     $   $              $   $
     'b  q:            :p  d'
      '²«?$.          .$?»²'
         'b            d'
       ,²²'?,.      .,?'²²,
      ²==--≥²²==--==²²≤--==²
", source: https://www.redditstatic.com/desktop2x/Chat~Gifts~Governance~Reddit.48ebcf7a4b396ce794aa.js (1)
[0617/012928.473:INFO:CONSOLE(1)] "%cStarting Raven %crelease %c82ddf0234-production %cpublic url %chttps://6b5ce051b2ed4032bd906af3de0630cd@oops.redditmedia.com/11", source: https://www.redditstatic.com/desktop2x/Chat~Gifts~Governance~Reddit.48ebcf7a4b396ce794aa.js (1)
[0617/012955.547:INFO:CONSOLE(1)] "
                  ,d"=≥,.,qOp,
                 ,7'  ''²$(  )
                ,7'      '?q$7'
             ..,$$,.
   ,.  .,,--***²""²***--,,.  .,
 ²   ,p²''              ''²q,   ²
:  ,7'                      '7,  :
 ' $      ,db,      ,db,      $ '
  '$      ²$$²      ²$$²      $'    Using Reddit at work? Work for Reddit.
  '$                          $'        https://www.reddit.com/jobs
   '$.     .,        ,.     .$'
    'b,     '²«»«»«»²'     ,d'
     '²?bn,,          ,,nd?²'
       ,7$ ''²²²²²²²²'' $7,
     ,² ²$              $² ²,
     $  :$              $:  $
     $   $              $   $
     'b  q:            :p  d'
      '²«?$.          .$?»²'
         'b            d'
       ,²²'?,.      .,?'²²,
      ²==--≥²²==--==²²≤--==²
", source: https://www.redditstatic.com/desktop2x/Chat~Gifts~Governance~Reddit.48ebcf7a4b396ce794aa.js (1)
[0617/012955.934:INFO:CONSOLE(1)] "%cStarting Raven %crelease %c82ddf0234-production %cpublic url %chttps://6b5ce051b2ed4032bd906af3de0630cd@oops.redditmedia.com/11", source: https://www.redditstatic.com/desktop2x/Chat~Gifts~Governance~Reddit.48ebcf7a4b396ce794aa.js (1)
[0617/093444.187:ERROR:ssl_client_socket_impl.cc(962)] handshake failed; returned -1, SSL error code 1, net_error -100
[0617/112718.281:WARNING:angle_platform_impl.cc(52)] compileToBinary(233): 
C:\fakepath(77,10-42): warning X3571: pow(f, e) will not work for negative f, use abs(f) or conditionally handle negative values if you expect them
C:\fakepath(99,10-42): warning X3571: pow(f, e) will not work for negative f, use abs(f) or conditionally handle negative values if you expect them

[0617/112727.534:INFO:CONSOLE(42)] "<link rel=preload> must have a valid `as` value", source: https://www.youtube.com/watch?v=MSrTnWDTdwI (42)
[0617/112727.913:INFO:CONSOLE(0)] "Refused to display 'https://accounts.google.com/ServiceLogin?passive=true&continue=https%3A%2F%2Fwww.youtube.com%2Fsignin%3Fnext%3D%252Fsignin_passive%26feature%3Dpassive%26action_handle_signin%3Dtrue%26hl%3Den%26app%3Ddesktop&uilel=3&hl=en&service=youtube' in a frame because it set 'X-Frame-Options' to 'deny'.", source: https://www.youtube.com/watch?v=MSrTnWDTdwI (0)
[0617/112731.973:WARNING:url_request_job_manager.cc(91)] Failed to map: chrome-extension://invalid/
[0617/112731.980:WARNING:url_request_job_manager.cc(91)] Failed to map: chrome-extension://invalid/
[0617/112735.031:INFO:CONSOLE(0)] "HTML Imports is deprecated and will be removed in M73, around March 2019. Please use ES modules instead. See https://www.chromestatus.com/features/5144752345317376 for more details.", source:  (0)
[0617/112738.869:INFO:CONSOLE(15)] "chrome.loadTimes() is deprecated, instead use standardized API: nextHopProtocol in Navigation Timing 2. https://www.chromestatus.com/features/5637885046816768.", source: https://www.youtube.com/yts/jsbin/network-vfl3EpVxj/network.js (15)
[0617/112738.965:INFO:CONSOLE(0)] "The resource https://r2---sn-8vt5bxgo1-53ae.googlevideo.com/generate_204 was preloaded using link preload but not used within a few seconds from the window's load event. Please make sure it has an appropriate `as` value and it is preloaded intentionally.", source:  (0)
[0617/112738.965:INFO:CONSOLE(0)] "The resource https://r2---sn-8vt5bxgo1-53ae.googlevideo.com/generate_204?conn2 was preloaded using link preload but not used within a few seconds from the window's load event. Please make sure it has an appropriate `as` value and it is preloaded intentionally.", source:  (0)
[0617/140808.994:WARNING:dns_config_service_win.cc(665)] Failed to read DnsConfig.
[0617/140814.006:WARNING:dns_config_service_win.cc(665)] Failed to read DnsConfig.
[0617/140819.020:WARNING:dns_config_service_win.cc(665)] Failed to read DnsConfig.
[0617/140824.029:WARNING:dns_config_service_win.cc(665)] Failed to read DnsConfig.
[0617/140829.040:WARNING:dns_config_service_win.cc(665)] Failed to read DnsConfig.
[0617/140834.052:WARNING:dns_config_service_win.cc(665)] Failed to read DnsConfig.
[0617/140959.736:WARNING:dns_config_service_win.cc(665)] Failed to read DnsConfig.
[0617/141004.745:WARNING:dns_config_service_win.cc(665)] Failed to read DnsConfig.
[0617/141009.755:WARNING:dns_config_service_win.cc(665)] Failed to read DnsConfig.
[0617/150151.165:WARNING:dns_config_service_win.cc(665)] Failed to read DnsConfig.
[0617/150156.177:WARNING:dns_config_service_win.cc(665)] Failed to read DnsConfig.
[0617/150201.185:WARNING:dns_config_service_win.cc(665)] Failed to read DnsConfig.
[0617/150206.195:WARNING:dns_config_service_win.cc(665)] Failed to read DnsConfig.
[0617/150445.283:WARNING:dns_config_service_win.cc(665)] Failed to read DnsConfig.
[0617/151328.466:WARNING:dns_config_service_win.cc(665)] Failed to read DnsConfig.
[0617/151333.475:WARNING:dns_config_service_win.cc(665)] Failed to read DnsConfig.
[0617/151338.486:WARNING:dns_config_service_win.cc(665)] Failed to read DnsConfig.
[0617/151343.498:WARNING:dns_config_service_win.cc(665)] Failed to read DnsConfig.
[0617/151401.868:WARNING:dns_config_service_win.cc(665)] Failed to read DnsConfig.
[0617/151406.878:WARNING:dns_config_service_win.cc(665)] Failed to read DnsConfig.
[0617/151411.888:WARNING:dns_config_service_win.cc(665)] Failed to read DnsConfig.
[0617/151416.898:WARNING:dns_config_service_win.cc(665)] Failed to read DnsConfig.
[0617/151421.907:WARNING:dns_config_service_win.cc(665)] Failed to read DnsConfig.
[0617/151426.947:WARNING:dns_config_service_win.cc(665)] Failed to read DnsConfig.
[0617/151848.226:WARNING:dns_config_service_win.cc(665)] Failed to read DnsConfig.
[0617/153207.059:WARNING:dns_config_service_win.cc(665)] Failed to read DnsConfig.
[0617/153228.860:WARNING:dns_config_service_win.cc(665)] Failed to read DnsConfig.
[0617/153233.871:WARNING:dns_config_service_win.cc(665)] Failed to read DnsConfig.
[0617/153238.879:WARNING:dns_config_service_win.cc(665)] Failed to read DnsConfig.
[0617/153243.888:WARNING:dns_config_service_win.cc(665)] Failed to read DnsConfig.
[0617/153248.897:WARNING:dns_config_service_win.cc(665)] Failed to read DnsConfig.
[0617/153253.907:WARNING:dns_config_service_win.cc(665)] Failed to read DnsConfig.
[0617/160001.752:WARNING:dns_config_service_win.cc(665)] Failed to read DnsConfig.
[0617/160006.761:WARNING:dns_config_service_win.cc(665)] Failed to read DnsConfig.
[0617/160011.771:WARNING:dns_config_service_win.cc(665)] Failed to read DnsConfig.
[0617/160016.780:WARNING:dns_config_service_win.cc(665)] Failed to read DnsConfig.
[0617/160021.789:WARNING:dns_config_service_win.cc(665)] Failed to read DnsConfig.
[0617/160026.797:WARNING:dns_config_service_win.cc(665)] Failed to read DnsConfig.
[0617/160031.807:WARNING:dns_config_service_win.cc(665)] Failed to read DnsConfig.
[0617/160120.372:WARNING:dns_config_service_win.cc(665)] Failed to read DnsConfig.
[0617/160125.382:WARNING:dns_config_service_win.cc(665)] Failed to read DnsConfig.
[0617/160130.392:WARNING:dns_config_service_win.cc(665)] Failed to read DnsConfig.
[0617/160135.403:WARNING:dns_config_service_win.cc(665)] Failed to read DnsConfig.
[0617/160152.522:WARNING:dns_config_service_win.cc(665)] Failed to read DnsConfig.
[0617/160157.542:WARNING:dns_config_service_win.cc(665)] Failed to read DnsConfig.
[0617/160202.565:WARNING:dns_config_service_win.cc(665)] Failed to read DnsConfig.
[0617/184413.446:INFO:CONSOLE(1)] "
                  ,d"=≥,.,qOp,
                 ,7'  ''²$(  )
                ,7'      '?q$7'
             ..,$$,.
   ,.  .,,--***²""²***--,,.  .,
 ²   ,p²''              ''²q,   ²
:  ,7'                      '7,  :
 ' $      ,db,      ,db,      $ '
  '$      ²$$²      ²$$²      $'    Using Reddit at work? Work for Reddit.
  '$                          $'        https://www.reddit.com/jobs
   '$.     .,        ,.     .$'
    'b,     '²«»«»«»²'     ,d'
     '²?bn,,          ,,nd?²'
       ,7$ ''²²²²²²²²'' $7,
     ,² ²$              $² ²,
     $  :$              $:  $
     $   $              $   $
     'b  q:            :p  d'
      '²«?$.          .$?»²'
         'b            d'
       ,²²'?,.      .,?'²²,
      ²==--≥²²==--==²²≤--==²
", source: https://www.redditstatic.com/desktop2x/Chat~Gifts~Governance~Reddit.48ebcf7a4b396ce794aa.js (1)
[0617/184414.055:INFO:CONSOLE(1)] "%cStarting Raven %crelease %c82ddf0234-production %cpublic url %chttps://6b5ce051b2ed4032bd906af3de0630cd@oops.redditmedia.com/11", source: https://www.redditstatic.com/desktop2x/Chat~Gifts~Governance~Reddit.48ebcf7a4b396ce794aa.js (1)
[0617/184422.744:INFO:CONSOLE(1)] "
                  ,d"=≥,.,qOp,
                 ,7'  ''²$(  )
                ,7'      '?q$7'
             ..,$$,.
   ,.  .,,--***²""²***--,,.  .,
 ²   ,p²''              ''²q,   ²
:  ,7'                      '7,  :
 ' $      ,db,      ,db,      $ '
  '$      ²$$²      ²$$²      $'    Using Reddit at work? Work for Reddit.
  '$                          $'        https://www.reddit.com/jobs
   '$.     .,        ,.     .$'
    'b,     '²«»«»«»²'     ,d'
     '²?bn,,          ,,nd?²'
       ,7$ ''²²²²²²²²'' $7,
     ,² ²$              $² ²,
     $  :$              $:  $
     $   $              $   $
     'b  q:            :p  d'
      '²«?$.          .$?»²'
         'b            d'
       ,²²'?,.      .,?'²²,
      ²==--≥²²==--==²²≤--==²
", source: https://www.redditstatic.com/desktop2x/Chat~Gifts~Governance~Reddit.48ebcf7a4b396ce794aa.js (1)
[0617/184422.977:INFO:CONSOLE(1)] "%cStarting Raven %crelease %c82ddf0234-production %cpublic url %chttps://6b5ce051b2ed4032bd906af3de0630cd@oops.redditmedia.com/11", source: https://www.redditstatic.com/desktop2x/Chat~Gifts~Governance~Reddit.48ebcf7a4b396ce794aa.js (1)
[0617/184428.383:INFO:CONSOLE(1)] "
                  ,d"=≥,.,qOp,
                 ,7'  ''²$(  )
                ,7'      '?q$7'
             ..,$$,.
   ,.  .,,--***²""²***--,,.  .,
 ²   ,p²''              ''²q,   ²
:  ,7'                      '7,  :
 ' $      ,db,      ,db,      $ '
  '$      ²$$²      ²$$²      $'    Using Reddit at work? Work for Reddit.
  '$                          $'        https://www.reddit.com/jobs
   '$.     .,        ,.     .$'
    'b,     '²«»«»«»²'     ,d'
     '²?bn,,          ,,nd?²'
       ,7$ ''²²²²²²²²'' $7,
     ,² ²$              $² ²,
     $  :$              $:  $
     $   $              $   $
     'b  q:            :p  d'
      '²«?$.          .$?»²'
         'b            d'
       ,²²'?,.      .,?'²²,
      ²==--≥²²==--==²²≤--==²
", source: https://www.redditstatic.com/desktop2x/Chat~Gifts~Governance~Reddit.48ebcf7a4b396ce794aa.js (1)
[0617/184428.595:INFO:CONSOLE(1)] "%cStarting Raven %crelease %c82ddf0234-production %cpublic url %chttps://6b5ce051b2ed4032bd906af3de0630cd@oops.redditmedia.com/11", source: https://www.redditstatic.com/desktop2x/Chat~Gifts~Governance~Reddit.48ebcf7a4b396ce794aa.js (1)
[0617/184431.621:ERROR:render_media_log.cc(30)] MediaEvent: MEDIA_ERROR_LOG_ENTRY {"error":"FFmpegDemuxer: no supported streams"}
[0617/184431.621:ERROR:render_media_log.cc(30)] MediaEvent: PIPELINE_ERROR DEMUXER_ERROR_NO_SUPPORTED_STREAMS
[0617/184432.380:INFO:CONSOLE(580)] "Powered by AMP ⚡ HTML – Version 1906141418310", source: https://cdn.ampproject.org/rtv/011906141418310/amp4ads-v0.js (580)
[0617/184432.439:INFO:CONSOLE(580)] "Powered by AMP ⚡ HTML – Version 1906141418310", source: https://cdn.ampproject.org/rtv/011906141418310/amp4ads-v0.js (580)
[0617/191413.741:INFO:CONSOLE(1)] "
                  ,d"=≥,.,qOp,
                 ,7'  ''²$(  )
                ,7'      '?q$7'
             ..,$$,.
   ,.  .,,--***²""²***--,,.  .,
 ²   ,p²''              ''²q,   ²
:  ,7'                      '7,  :
 ' $      ,db,      ,db,      $ '
  '$      ²$$²      ²$$²      $'    Using Reddit at work? Work for Reddit.
  '$                          $'        https://www.reddit.com/jobs
   '$.     .,        ,.     .$'
    'b,     '²«»«»«»²'     ,d'
     '²?bn,,          ,,nd?²'
       ,7$ ''²²²²²²²²'' $7,
     ,² ²$              $² ²,
     $  :$              $:  $
     $   $              $   $
     'b  q:            :p  d'
      '²«?$.          .$?»²'
         'b            d'
       ,²²'?,.      .,?'²²,
      ²==--≥²²==--==²²≤--==²
", source: https://www.redditstatic.com/desktop2x/Chat~Gifts~Governance~Reddit.48ebcf7a4b396ce794aa.js (1)
[0617/191414.450:INFO:CONSOLE(1)] "%cStarting Raven %crelease %c82ddf0234-production %cpublic url %chttps://6b5ce051b2ed4032bd906af3de0630cd@oops.redditmedia.com/11", source: https://www.redditstatic.com/desktop2x/Chat~Gifts~Governance~Reddit.48ebcf7a4b396ce794aa.js (1)
[0617/191847.489:INFO:CONSOLE(1)] "
                  ,d"=≥,.,qOp,
                 ,7'  ''²$(  )
                ,7'      '?q$7'
             ..,$$,.
   ,.  .,,--***²""²***--,,.  .,
 ²   ,p²''              ''²q,   ²
:  ,7'                      '7,  :
 ' $      ,db,      ,db,      $ '
  '$      ²$$²      ²$$²      $'    Using Reddit at work? Work for Reddit.
  '$                          $'        https://www.reddit.com/jobs
   '$.     .,        ,.     .$'
    'b,     '²«»«»«»²'     ,d'
     '²?bn,,          ,,nd?²'
       ,7$ ''²²²²²²²²'' $7,
     ,² ²$              $² ²,
     $  :$              $:  $
     $   $              $   $
     'b  q:            :p  d'
      '²«?$.          .$?»²'
         'b            d'
       ,²²'?,.      .,?'²²,
      ²==--≥²²==--==²²≤--==²
", source: https://www.redditstatic.com/desktop2x/Chat~Gifts~Governance~Reddit.48ebcf7a4b396ce794aa.js (1)
[0617/191848.313:INFO:CONSOLE(1)] "%cStarting Raven %crelease %c82ddf0234-production %cpublic url %chttps://6b5ce051b2ed4032bd906af3de0630cd@oops.redditmedia.com/11", source: https://www.redditstatic.com/desktop2x/Chat~Gifts~Governance~Reddit.48ebcf7a4b396ce794aa.js (1)
[0617/192339.187:INFO:CONSOLE(1)] "
                  ,d"=≥,.,qOp,
                 ,7'  ''²$(  )
                ,7'      '?q$7'
             ..,$$,.
   ,.  .,,--***²""²***--,,.  .,
 ²   ,p²''              ''²q,   ²
:  ,7'                      '7,  :
 ' $      ,db,      ,db,      $ '
  '$      ²$$²      ²$$²      $'    Using Reddit at work? Work for Reddit.
  '$                          $'        https://www.reddit.com/jobs
   '$.     .,        ,.     .$'
    'b,     '²«»«»«»²'     ,d'
     '²?bn,,          ,,nd?²'
       ,7$ ''²²²²²²²²'' $7,
     ,² ²$              $² ²,
     $  :$              $:  $
     $   $              $   $
     'b  q:            :p  d'
      '²«?$.          .$?»²'
         'b            d'
       ,²²'?,.      .,?'²²,
      ²==--≥²²==--==²²≤--==²
", source: https://www.redditstatic.com/desktop2x/Chat~Gifts~Governance~Reddit.48ebcf7a4b396ce794aa.js (1)
[0617/192339.664:INFO:CONSOLE(1)] "%cStarting Raven %crelease %c82ddf0234-production %cpublic url %chttps://6b5ce051b2ed4032bd906af3de0630cd@oops.redditmedia.com/11", source: https://www.redditstatic.com/desktop2x/Chat~Gifts~Governance~Reddit.48ebcf7a4b396ce794aa.js (1)
[0617/192717.088:INFO:CONSOLE(1)] "
                  ,d"=≥,.,qOp,
                 ,7'  ''²$(  )
                ,7'      '?q$7'
             ..,$$,.
   ,.  .,,--***²""²***--,,.  .,
 ²   ,p²''              ''²q,   ²
:  ,7'                      '7,  :
 ' $      ,db,      ,db,      $ '
  '$      ²$$²      ²$$²      $'    Using Reddit at work? Work for Reddit.
  '$                          $'        https://www.reddit.com/jobs
   '$.     .,        ,.     .$'
    'b,     '²«»«»«»²'     ,d'
     '²?bn,,          ,,nd?²'
       ,7$ ''²²²²²²²²'' $7,
     ,² ²$              $² ²,
     $  :$              $:  $
     $   $              $   $
     'b  q:            :p  d'
      '²«?$.          .$?»²'
         'b            d'
       ,²²'?,.      .,?'²²,
      ²==--≥²²==--==²²≤--==²
", source: https://www.redditstatic.com/desktop2x/Chat~Gifts~Governance~Reddit.48ebcf7a4b396ce794aa.js (1)
[0617/192717.614:INFO:CONSOLE(1)] "%cStarting Raven %crelease %c82ddf0234-production %cpublic url %chttps://6b5ce051b2ed4032bd906af3de0630cd@oops.redditmedia.com/11", source: https://www.redditstatic.com/desktop2x/Chat~Gifts~Governance~Reddit.48ebcf7a4b396ce794aa.js (1)
[0617/192743.301:ERROR:broker_win.cc(55)] Error reading broker pipe: The pipe has been ended. (0x6D)
[0617/193157.509:INFO:CONSOLE(1)] "
                  ,d"=≥,.,qOp,
                 ,7'  ''²$(  )
                ,7'      '?q$7'
             ..,$$,.
   ,.  .,,--***²""²***--,,.  .,
 ²   ,p²''              ''²q,   ²
:  ,7'                      '7,  :
 ' $      ,db,      ,db,      $ '
  '$      ²$$²      ²$$²      $'    Using Reddit at work? Work for Reddit.
  '$                          $'        https://www.reddit.com/jobs
   '$.     .,        ,.     .$'
    'b,     '²«»«»«»²'     ,d'
     '²?bn,,          ,,nd?²'
       ,7$ ''²²²²²²²²'' $7,
     ,² ²$              $² ²,
     $  :$              $:  $
     $   $              $   $
     'b  q:            :p  d'
      '²«?$.          .$?»²'
         'b            d'
       ,²²'?,.      .,?'²²,
      ²==--≥²²==--==²²≤--==²
", source: https://www.redditstatic.com/desktop2x/Chat~Gifts~Governance~Reddit.48ebcf7a4b396ce794aa.js (1)
[0617/193158.380:INFO:CONSOLE(1)] "%cStarting Raven %crelease %c82ddf0234-production %cpublic url %chttps://6b5ce051b2ed4032bd906af3de0630cd@oops.redditmedia.com/11", source: https://www.redditstatic.com/desktop2x/Chat~Gifts~Governance~Reddit.48ebcf7a4b396ce794aa.js (1)
[0617/193713.657:INFO:CONSOLE(1)] "
                  ,d"=≥,.,qOp,
                 ,7'  ''²$(  )
                ,7'      '?q$7'
             ..,$$,.
   ,.  .,,--***²""²***--,,.  .,
 ²   ,p²''              ''²q,   ²
:  ,7'                      '7,  :
 ' $      ,db,      ,db,      $ '
  '$      ²$$²      ²$$²      $'    Using Reddit at work? Work for Reddit.
  '$                          $'        https://www.reddit.com/jobs
   '$.     .,        ,.     .$'
    'b,     '²«»«»«»²'     ,d'
     '²?bn,,          ,,nd?²'
       ,7$ ''²²²²²²²²'' $7,
     ,² ²$              $² ²,
     $  :$              $:  $
     $   $              $   $
     'b  q:            :p  d'
      '²«?$.          .$?»²'
         'b            d'
       ,²²'?,.      .,?'²²,
      ²==--≥²²==--==²²≤--==²
", source: https://www.redditstatic.com/desktop2x/Chat~Gifts~Governance~Reddit.48ebcf7a4b396ce794aa.js (1)
[0617/193714.640:INFO:CONSOLE(1)] "%cStarting Raven %crelease %c82ddf0234-production %cpublic url %chttps://6b5ce051b2ed4032bd906af3de0630cd@oops.redditmedia.com/11", source: https://www.redditstatic.com/desktop2x/Chat~Gifts~Governance~Reddit.48ebcf7a4b396ce794aa.js (1)
[0617/194046.735:INFO:CONSOLE(1)] "
                  ,d"=≥,.,qOp,
                 ,7'  ''²$(  )
                ,7'      '?q$7'
             ..,$$,.
   ,.  .,,--***²""²***--,,.  .,
 ²   ,p²''              ''²q,   ²
:  ,7'                      '7,  :
 ' $      ,db,      ,db,      $ '
  '$      ²$$²      ²$$²      $'    Using Reddit at work? Work for Reddit.
  '$                          $'        https://www.reddit.com/jobs
   '$.     .,        ,.     .$'
    'b,     '²«»«»«»²'     ,d'
     '²?bn,,          ,,nd?²'
       ,7$ ''²²²²²²²²'' $7,
     ,² ²$              $² ²,
     $  :$              $:  $
     $   $              $   $
     'b  q:            :p  d'
      '²«?$.          .$?»²'
         'b            d'
       ,²²'?,.      .,?'²²,
      ²==--≥²²==--==²²≤--==²
", source: https://www.redditstatic.com/desktop2x/Chat~Gifts~Governance~Reddit.48ebcf7a4b396ce794aa.js (1)
[0617/194047.224:INFO:CONSOLE(1)] "%cStarting Raven %crelease %c82ddf0234-production %cpublic url %chttps://6b5ce051b2ed4032bd906af3de0630cd@oops.redditmedia.com/11", source: https://www.redditstatic.com/desktop2x/Chat~Gifts~Governance~Reddit.48ebcf7a4b396ce794aa.js (1)
[0617/194352.676:INFO:CONSOLE(1)] "
                  ,d"=≥,.,qOp,
                 ,7'  ''²$(  )
                ,7'      '?q$7'
             ..,$$,.
   ,.  .,,--***²""²***--,,.  .,
 ²   ,p²''              ''²q,   ²
:  ,7'                      '7,  :
 ' $      ,db,      ,db,      $ '
  '$      ²$$²      ²$$²      $'    Using Reddit at work? Work for Reddit.
  '$                          $'        https://www.reddit.com/jobs
   '$.     .,        ,.     .$'
    'b,     '²«»«»«»²'     ,d'
     '²?bn,,          ,,nd?²'
       ,7$ ''²²²²²²²²'' $7,
     ,² ²$              $² ²,
     $  :$              $:  $
     $   $              $   $
     'b  q:            :p  d'
      '²«?$.          .$?»²'
         'b            d'
       ,²²'?,.      .,?'²²,
      ²==--≥²²==--==²²≤--==²
", source: https://www.redditstatic.com/desktop2x/Chat~Gifts~Governance~Reddit.48ebcf7a4b396ce794aa.js (1)
[0617/194353.122:INFO:CONSOLE(1)] "%cStarting Raven %crelease %c82ddf0234-production %cpublic url %chttps://6b5ce051b2ed4032bd906af3de0630cd@oops.redditmedia.com/11", source: https://www.redditstatic.com/desktop2x/Chat~Gifts~Governance~Reddit.48ebcf7a4b396ce794aa.js (1)
[0617/194447.710:INFO:CONSOLE(1)] "
                  ,d"=≥,.,qOp,
                 ,7'  ''²$(  )
                ,7'      '?q$7'
             ..,$$,.
   ,.  .,,--***²""²***--,,.  .,
 ²   ,p²''              ''²q,   ²
:  ,7'                      '7,  :
 ' $      ,db,      ,db,      $ '
  '$      ²$$²      ²$$²      $'    Using Reddit at work? Work for Reddit.
  '$                          $'        https://www.reddit.com/jobs
   '$.     .,        ,.     .$'
    'b,     '²«»«»«»²'     ,d'
     '²?bn,,          ,,nd?²'
       ,7$ ''²²²²²²²²'' $7,
     ,² ²$              $² ²,
     $  :$              $:  $
     $   $              $   $
     'b  q:            :p  d'
      '²«?$.          .$?»²'
         'b            d'
       ,²²'?,.      .,?'²²,
      ²==--≥²²==--==²²≤--==²
", source: https://www.redditstatic.com/desktop2x/Chat~Gifts~Governance~Reddit.48ebcf7a4b396ce794aa.js (1)
[0617/194448.192:INFO:CONSOLE(1)] "%cStarting Raven %crelease %c82ddf0234-production %cpublic url %chttps://6b5ce051b2ed4032bd906af3de0630cd@oops.redditmedia.com/11", source: https://www.redditstatic.com/desktop2x/Chat~Gifts~Governance~Reddit.48ebcf7a4b396ce794aa.js (1)
[0617/194937.091:INFO:CONSOLE(1)] "
                  ,d"=≥,.,qOp,
                 ,7'  ''²$(  )
                ,7'      '?q$7'
             ..,$$,.
   ,.  .,,--***²""²***--,,.  .,
 ²   ,p²''              ''²q,   ²
:  ,7'                      '7,  :
 ' $      ,db,      ,db,      $ '
  '$      ²$$²      ²$$²      $'    Using Reddit at work? Work for Reddit.
  '$                          $'        https://www.reddit.com/jobs
   '$.     .,        ,.     .$'
    'b,     '²«»«»«»²'     ,d'
     '²?bn,,          ,,nd?²'
       ,7$ ''²²²²²²²²'' $7,
     ,² ²$              $² ²,
     $  :$              $:  $
     $   $              $   $
     'b  q:            :p  d'
      '²«?$.          .$?»²'
         'b            d'
       ,²²'?,.      .,?'²²,
      ²==--≥²²==--==²²≤--==²
", source: https://www.redditstatic.com/desktop2x/Chat~Gifts~Governance~Reddit.48ebcf7a4b396ce794aa.js (1)
[0617/195211.093:INFO:CONSOLE(1)] "
                  ,d"=≥,.,qOp,
                 ,7'  ''²$(  )
                ,7'      '?q$7'
             ..,$$,.
   ,.  .,,--***²""²***--,,.  .,
 ²   ,p²''              ''²q,   ²
:  ,7'                      '7,  :
 ' $      ,db,      ,db,      $ '
  '$      ²$$²      ²$$²      $'    Using Reddit at work? Work for Reddit.
  '$                          $'        https://www.reddit.com/jobs
   '$.     .,        ,.     .$'
    'b,     '²«»«»«»²'     ,d'
     '²?bn,,          ,,nd?²'
       ,7$ ''²²²²²²²²'' $7,
     ,² ²$              $² ²,
     $  :$              $:  $
     $   $              $   $
     'b  q:            :p  d'
      '²«?$.          .$?»²'
         'b            d'
       ,²²'?,.      .,?'²²,
      ²==--≥²²==--==²²≤--==²
", source: https://www.redditstatic.com/desktop2x/Chat~Gifts~Governance~Reddit.48ebcf7a4b396ce794aa.js (1)
[0617/195211.832:INFO:CONSOLE(1)] "%cStarting Raven %crelease %c82ddf0234-production %cpublic url %chttps://6b5ce051b2ed4032bd906af3de0630cd@oops.redditmedia.com/11", source: https://www.redditstatic.com/desktop2x/Chat~Gifts~Governance~Reddit.48ebcf7a4b396ce794aa.js (1)
[0617/195214.603:WARNING:spdy_session.cc(3128)] Received WINDOW_UPDATE for invalid stream 95
[0617/200447.536:INFO:CONSOLE(1)] "
                  ,d"=≥,.,qOp,
                 ,7'  ''²$(  )
                ,7'      '?q$7'
             ..,$$,.
   ,.  .,,--***²""²***--,,.  .,
 ²   ,p²''              ''²q,   ²
:  ,7'                      '7,  :
 ' $      ,db,      ,db,      $ '
  '$      ²$$²      ²$$²      $'    Using Reddit at work? Work for Reddit.
  '$                          $'        https://www.reddit.com/jobs
   '$.     .,        ,.     .$'
    'b,     '²«»«»«»²'     ,d'
     '²?bn,,          ,,nd?²'
       ,7$ ''²²²²²²²²'' $7,
     ,² ²$              $² ²,
     $  :$              $:  $
     $   $              $   $
     'b  q:            :p  d'
      '²«?$.          .$?»²'
         'b            d'
       ,²²'?,.      .,?'²²,
      ²==--≥²²==--==²²≤--==²
", source: https://www.redditstatic.com/desktop2x/Chat~Gifts~Governance~Reddit.48ebcf7a4b396ce794aa.js (1)
[0617/200448.190:INFO:CONSOLE(1)] "%cStarting Raven %crelease %c82ddf0234-production %cpublic url %chttps://6b5ce051b2ed4032bd906af3de0630cd@oops.redditmedia.com/11", source: https://www.redditstatic.com/desktop2x/Chat~Gifts~Governance~Reddit.48ebcf7a4b396ce794aa.js (1)
